mode: atomic
athena/cmd/encoder/main.go:24.13,26.16 2 0
athena/cmd/encoder/main.go:26.16,28.3 1 0
athena/cmd/encoder/main.go:30.2,31.16 2 0
athena/cmd/encoder/main.go:31.16,33.3 1 0
athena/cmd/encoder/main.go:34.2,40.44 5 0
athena/cmd/encoder/main.go:40.44,42.3 1 0
athena/cmd/encoder/main.go:44.2,48.48 3 0
athena/cmd/encoder/main.go:48.48,49.53 1 0
athena/cmd/encoder/main.go:49.53,51.4 1 0
athena/cmd/encoder/main.go:54.2,59.23 4 0
athena/cmd/encoder/main.go:59.23,61.3 1 0
athena/cmd/encoder/main.go:62.2,62.12 1 0
athena/cmd/encoder/main.go:62.12,64.63 2 0
athena/cmd/encoder/main.go:64.63,66.4 1 0
athena/cmd/encoder/main.go:70.2,70.12 1 0
athena/cmd/encoder/main.go:70.12,73.7 3 0
athena/cmd/encoder/main.go:73.7,74.11 1 0
athena/cmd/encoder/main.go:75.22,76.11 1 0
athena/cmd/encoder/main.go:77.20,77.20 0 0
athena/cmd/encoder/main.go:83.2,84.46 2 0
athena/cmd/encoder/main.go:84.46,86.3 1 0
athena/cmd/server/main.go:27.13,29.16 2 0
athena/cmd/server/main.go:29.16,31.3 1 0
athena/cmd/server/main.go:33.2,53.15 11 0
athena/cmd/server/main.go:53.15,54.28 1 0
athena/cmd/server/main.go:54.28,56.10 1 0
athena/cmd/server/main.go:56.15,58.10 1 0
athena/cmd/server/main.go:59.9,59.86 1 0
athena/cmd/server/main.go:59.86,61.10 1 0
athena/cmd/server/main.go:64.2,73.45 7 0
athena/cmd/server/main.go:73.45,75.3 1 0
athena/cmd/server/main.go:77.2,77.30 1 0
athena/internal/config/config.go:113.30,115.40 1 0
athena/internal/config/config.go:115.40,119.3 1 0
athena/internal/config/config.go:121.2,127.49 5 0
athena/internal/config/config.go:127.49,128.50 1 0
athena/internal/config/config.go:128.50,130.4 1 0
athena/internal/config/config.go:133.2,134.27 2 0
athena/internal/config/config.go:134.27,136.3 1 0
athena/internal/config/config.go:138.2,139.24 2 0
athena/internal/config/config.go:139.24,141.3 1 0
athena/internal/config/config.go:143.2,144.23 2 0
athena/internal/config/config.go:144.23,146.3 1 0
athena/internal/config/config.go:148.2,153.25 5 0
athena/internal/config/config.go:153.25,155.3 1 0
athena/internal/config/config.go:157.2,231.17 47 0
athena/internal/config/config.go:234.55,235.42 1 0
athena/internal/config/config.go:235.42,237.3 1 0
athena/internal/config/config.go:238.2,238.21 1 0
athena/internal/config/config.go:241.53,243.17 2 0
athena/internal/config/config.go:243.17,245.3 1 0
athena/internal/config/config.go:246.2,246.57 1 0
athena/internal/config/config.go:249.50,251.17 2 0
athena/internal/config/config.go:251.17,253.3 1 0
athena/internal/config/config.go:254.2,254.52 1 0
athena/internal/config/config.go:254.52,256.3 1 0
athena/internal/config/config.go:257.2,257.21 1 0
athena/internal/config/config.go:260.56,262.17 2 0
athena/internal/config/config.go:262.17,264.3 1 0
athena/internal/config/config.go:265.2,265.64 1 0
athena/internal/config/config.go:265.64,267.3 1 0
athena/internal/config/config.go:268.2,268.21 1 0
athena/internal/config/config.go:271.62,273.17 2 0
athena/internal/config/config.go:273.17,275.3 1 0
athena/internal/config/config.go:276.2,276.62 1 0
athena/internal/config/config.go:276.62,278.3 1 0
athena/internal/config/config.go:279.2,279.21 1 0
athena/internal/config/config.go:282.68,284.17 2 0
athena/internal/config/config.go:284.17,286.3 1 0
athena/internal/config/config.go:287.2,287.34 1 0
athena/internal/testutil/database.go:26.40,30.19 3 0
athena/internal/testutil/database.go:30.19,33.6 2 0
athena/internal/testutil/database.go:35.5,36.19 2 0
athena/internal/testutil/database.go:36.19,39.6 2 0
athena/internal/testutil/database.go:41.2,46.19 2 0
athena/internal/testutil/database.go:46.19,48.3 1 0
athena/internal/testutil/database.go:50.2,50.15 1 0
athena/internal/testutil/database.go:53.40,61.17 4 0
athena/internal/testutil/database.go:61.17,63.3 1 0
athena/internal/testutil/database.go:64.2,64.17 1 0
athena/internal/testutil/database.go:64.17,73.3 7 0
athena/internal/testutil/database.go:76.5,80.19 3 0
athena/internal/testutil/database.go:80.19,82.6 1 0
athena/internal/testutil/database.go:84.2,87.47 3 0
athena/internal/testutil/database.go:87.47,89.6 1 0
athena/internal/testutil/database.go:92.5,92.119 1 0
athena/internal/testutil/database.go:92.119,94.6 1 0
athena/internal/testutil/database.go:96.5,99.39 2 0
athena/internal/testutil/database.go:99.39,101.28 2 0
athena/internal/testutil/database.go:101.28,106.10 4 0
athena/internal/testutil/database.go:107.11,110.6 1 0
athena/internal/testutil/database.go:112.5,113.19 2 0
athena/internal/testutil/database.go:113.19,115.6 1 0
athena/internal/testutil/database.go:118.5,123.48 4 0
athena/internal/testutil/database.go:123.48,125.6 1 0
athena/internal/testutil/database.go:127.5,127.19 1 0
athena/internal/testutil/database.go:131.32,132.47 1 0
athena/internal/testutil/database.go:132.47,134.6 1 0
athena/internal/testutil/database.go:136.5,136.29 1 0
athena/internal/testutil/database.go:136.29,137.52 1 0
athena/internal/testutil/database.go:137.52,139.126 2 0
athena/internal/testutil/database.go:139.126,144.36 3 0
athena/internal/testutil/database.go:144.36,147.18 2 0
athena/internal/testutil/database.go:148.17,148.54 1 0
athena/internal/testutil/database.go:152.5,152.42 1 0
athena/internal/testutil/database.go:155.38,159.25 3 0
athena/internal/testutil/database.go:159.25,160.73 1 0
athena/internal/testutil/database.go:160.73,162.10 1 0
athena/internal/testutil/database.go:162.15,164.10 1 0
athena/internal/testutil/database.go:167.5,167.69 1 0
athena/internal/testutil/database.go:167.69,169.6 1 0
athena/internal/testutil/database.go:170.5,170.22 1 0
athena/internal/testutil/database.go:174.37,177.2 1 0
athena/internal/testutil/database.go:181.42,316.29 4 0
athena/internal/testutil/database.go:316.29,317.57 1 0
athena/internal/testutil/database.go:317.57,319.10 1 0
athena/internal/testutil/database.go:321.5,321.15 1 0
athena/internal/testutil/database.go:324.44,325.34 1 0
athena/internal/testutil/database.go:325.34,327.3 1 0
athena/internal/testutil/database.go:328.2,328.12 1 0
athena/internal/testutil/database.go:331.42,334.20 2 0
athena/internal/testutil/database.go:334.20,336.3 1 0
athena/internal/testutil/database.go:338.2,339.16 2 0
athena/internal/testutil/database.go:339.16,341.3 1 0
athena/internal/testutil/database.go:343.2,348.47 4 0
athena/internal/testutil/database.go:348.47,350.3 1 0
athena/internal/testutil/database.go:352.2,352.20 1 0
athena/internal/testutil/database.go:355.50,362.25 4 0
athena/internal/testutil/database.go:362.25,363.57 1 0
athena/internal/testutil/database.go:363.57,365.4 1 0
athena/internal/testutil/database.go:366.3,367.17 2 0
athena/internal/testutil/database.go:367.17,369.4 1 0
athena/internal/testutil/database.go:373.2,373.22 1 0
athena/internal/testutil/database.go:373.22,375.32 2 0
athena/internal/testutil/database.go:375.32,376.105 1 0
athena/internal/testutil/database.go:376.105,378.5 1 0
athena/internal/testutil/database.go:380.3,381.17 2 0
athena/internal/testutil/database.go:381.17,383.4 1 0
athena/internal/testutil/database.go:387.67,393.31 4 0
athena/internal/testutil/database.go:393.31,394.101 1 0
athena/internal/testutil/database.go:394.101,396.4 1 0
athena/internal/testutil/database.go:400.60,404.16 3 0
athena/internal/testutil/database.go:404.16,406.3 1 0
athena/internal/testutil/database.go:408.2,408.15 1 0
athena/internal/testutil/database.go:408.15,409.63 1 0
athena/internal/testutil/database.go:409.63,411.4 1 0
athena/internal/testutil/database.go:414.2,414.8 1 0
athena/internal/metrics/metrics.go:15.21,15.66 1 0
athena/internal/metrics/metrics.go:16.21,16.63 1 0
athena/internal/metrics/metrics.go:17.21,17.65 1 0
athena/internal/metrics/metrics.go:18.21,18.66 1 0
athena/internal/metrics/metrics.go:21.54,29.2 7 0
athena/internal/middleware/auth.go:18.61,19.46 1 0
athena/internal/middleware/auth.go:19.46,20.72 1 0
athena/internal/middleware/auth.go:20.72,22.24 2 0
athena/internal/middleware/auth.go:22.24,25.5 2 0
athena/internal/middleware/auth.go:27.4,28.33 2 0
athena/internal/middleware/auth.go:28.33,31.5 2 0
athena/internal/middleware/auth.go:33.4,34.18 2 0
athena/internal/middleware/auth.go:34.18,37.5 2 0
athena/internal/middleware/auth.go:39.4,40.41 2 0
athena/internal/middleware/auth.go:45.69,46.46 1 0
athena/internal/middleware/auth.go:46.46,47.72 1 0
athena/internal/middleware/auth.go:47.72,49.24 2 0
athena/internal/middleware/auth.go:49.24,52.5 2 0
athena/internal/middleware/auth.go:54.4,55.33 2 0
athena/internal/middleware/auth.go:55.33,56.71 1 0
athena/internal/middleware/auth.go:56.71,59.6 2 0
athena/internal/middleware/auth.go:62.4,62.24 1 0
athena/internal/middleware/auth.go:67.65,69.82 1 0
athena/internal/middleware/auth.go:69.82,70.60 1 0
athena/internal/middleware/auth.go:70.60,72.10 1 0
athena/internal/middleware/auth.go:73.9,73.38 1 0
athena/internal/middleware/auth.go:75.5,75.35 1 0
athena/internal/middleware/auth.go:75.35,77.6 1 0
athena/internal/middleware/auth.go:80.5,80.55 1 0
athena/internal/middleware/auth.go:80.55,81.50 1 0
athena/internal/middleware/auth.go:81.50,83.10 1 0
athena/internal/middleware/auth.go:85.5,85.37 1 0
athena/internal/middleware/cors.go:7.45,8.46 1 0
athena/internal/middleware/cors.go:8.46,9.72 1 0
athena/internal/middleware/cors.go:9.72,17.29 7 0
athena/internal/middleware/cors.go:17.29,20.5 2 0
athena/internal/middleware/cors.go:22.4,22.24 1 0
athena/internal/middleware/ratelimit.go:22.65,32.2 3 0
athena/internal/middleware/ratelimit.go:34.46,41.13 5 0
athena/internal/middleware/ratelimit.go:41.13,48.3 2 0
athena/internal/middleware/ratelimit.go:50.2,50.33 1 0
athena/internal/middleware/ratelimit.go:50.33,53.3 2 0
athena/internal/middleware/ratelimit.go:53.8,55.3 1 0
athena/internal/middleware/ratelimit.go:57.2,59.28 2 0
athena/internal/middleware/ratelimit.go:62.42,63.6 1 0
athena/internal/middleware/ratelimit.go:63.6,66.34 3 0
athena/internal/middleware/ratelimit.go:66.34,67.46 1 0
athena/internal/middleware/ratelimit.go:67.46,69.5 1 0
athena/internal/middleware/ratelimit.go:71.3,71.17 1 0
athena/internal/middleware/ratelimit.go:75.79,78.46 2 0
athena/internal/middleware/ratelimit.go:78.46,79.72 1 0
athena/internal/middleware/ratelimit.go:79.72,81.16 2 0
athena/internal/middleware/ratelimit.go:81.16,83.5 1 0
athena/internal/middleware/ratelimit.go:84.4,84.16 1 0
athena/internal/middleware/ratelimit.go:84.16,86.5 1 0
athena/internal/middleware/ratelimit.go:88.4,88.21 1 0
athena/internal/middleware/ratelimit.go:88.21,91.5 2 0
athena/internal/middleware/ratelimit.go:93.4,93.24 1 0
athena/internal/security/hls_signing.go:13.62,20.2 6 0
athena/internal/security/hls_signing.go:23.87,24.26 1 0
athena/internal/security/hls_signing.go:24.26,26.6 1 0
athena/internal/security/hls_signing.go:27.5,33.19 7 0
athena/internal/security/hls_signing.go:33.19,35.6 1 0
athena/internal/security/hls_signing.go:36.5,36.37 1 0
athena/internal/generated/server.go:44.85,46.2 1 0
athena/internal/generated/server.go:49.82,51.2 1 0
athena/internal/generated/server.go:54.89,56.2 1 0
athena/internal/generated/server.go:59.83,61.2 1 0
athena/internal/generated/server.go:64.88,66.2 1 0
athena/internal/generated/server.go:69.91,71.2 1 0
athena/internal/generated/server.go:74.47,76.2 1 0
athena/internal/generated/server.go:79.68,92.2 8 0
athena/internal/generated/server.go:95.84,98.31 2 0
athena/internal/generated/server.go:98.31,100.3 1 0
athena/internal/generated/server.go:102.2,102.30 1 0
athena/internal/domain/errors.go:50.37,51.21 1 0
athena/internal/domain/errors.go:51.21,53.3 1 0
athena/internal/domain/errors.go:54.2,54.49 1 0
athena/internal/domain/errors.go:57.55,59.2 1 0
athena/internal/domain/errors.go:61.75,63.2 1 0
athena/internal/domain/video.go:20.57,22.41 2 1
athena/internal/domain/video.go:22.41,24.3 1 8
athena/internal/domain/video.go:25.2,25.10 1 1
athena/internal/domain/video.go:28.41,31.2 2 52
athena/internal/domain/video.go:35.50,38.2 2 5
athena/internal/domain/video.go:197.61,199.13 2 16
athena/internal/domain/video.go:199.13,202.3 1 1
athena/internal/domain/video.go:204.2,205.50 2 15
athena/internal/domain/video.go:205.50,206.70 1 120
athena/internal/domain/video.go:206.70,208.4 1 66
athena/internal/domain/video.go:212.2,212.23 1 15
athena/internal/domain/video.go:212.23,214.3 1 0
athena/internal/domain/video.go:216.2,216.16 1 15
athena/internal/domain/video.go:220.52,226.53 3 18
athena/internal/domain/video.go:226.53,229.32 3 144
athena/internal/domain/video.go:229.32,232.21 3 50
athena/internal/domain/video.go:235.9,235.33 1 94
athena/internal/domain/video.go:235.33,237.51 2 20
athena/internal/domain/video.go:237.51,239.14 1 0
athena/internal/domain/video.go:243.5,243.21 1 18
athena/internal/domain/video.go:246.21,247.11 1 167
athena/internal/domain/video.go:247.11,249.3 1 83
athena/internal/domain/video.go:250.2,250.10 1 84
athena/internal/repository/auth_composite.go:17.122,19.2 1 0
athena/internal/repository/auth_composite.go:22.110,24.2 1 0
athena/internal/repository/auth_composite.go:26.117,28.2 1 0
athena/internal/repository/auth_composite.go:30.95,32.2 1 0
athena/internal/repository/auth_composite.go:34.97,36.2 1 0
athena/internal/repository/auth_composite.go:38.81,40.2 1 0
athena/internal/repository/auth_composite.go:43.123,45.2 1 0
athena/internal/repository/auth_composite.go:47.101,49.2 1 0
athena/internal/repository/auth_composite.go:51.94,53.2 1 0
athena/internal/repository/auth_composite.go:55.99,57.2 1 0
athena/internal/repository/auth_repository.go:18.60,20.2 1 0
athena/internal/repository/auth_repository.go:22.101,30.16 3 0
athena/internal/repository/auth_repository.go:30.16,32.3 1 0
athena/internal/repository/auth_repository.go:34.2,34.12 1 0
athena/internal/repository/auth_repository.go:37.108,45.16 4 0
athena/internal/repository/auth_repository.go:45.16,46.27 1 0
athena/internal/repository/auth_repository.go:46.27,48.4 1 0
athena/internal/repository/auth_repository.go:49.3,49.65 1 0
athena/internal/repository/auth_repository.go:52.2,52.27 1 0
athena/internal/repository/auth_repository.go:55.86,59.16 3 0
athena/internal/repository/auth_repository.go:59.16,61.3 1 0
athena/internal/repository/auth_repository.go:63.2,64.16 2 0
athena/internal/repository/auth_repository.go:64.16,66.3 1 0
athena/internal/repository/auth_repository.go:68.2,68.23 1 0
athena/internal/repository/auth_repository.go:68.23,70.3 1 0
athena/internal/repository/auth_repository.go:72.2,72.12 1 0
athena/internal/repository/auth_repository.go:75.88,79.16 3 0
athena/internal/repository/auth_repository.go:79.16,81.3 1 0
athena/internal/repository/auth_repository.go:83.2,83.12 1 0
athena/internal/repository/auth_repository.go:86.72,90.16 3 0
athena/internal/repository/auth_repository.go:90.16,92.3 1 0
athena/internal/repository/auth_repository.go:94.2,94.12 1 0
athena/internal/repository/auth_repository.go:97.114,107.16 3 0
athena/internal/repository/auth_repository.go:107.16,109.3 1 0
athena/internal/repository/auth_repository.go:111.2,111.12 1 0
athena/internal/repository/auth_repository.go:114.92,119.16 4 0
athena/internal/repository/auth_repository.go:119.16,120.27 1 0
athena/internal/repository/auth_repository.go:120.27,122.4 1 0
athena/internal/repository/auth_repository.go:123.3,123.58 1 0
athena/internal/repository/auth_repository.go:126.2,126.20 1 0
athena/internal/repository/auth_repository.go:129.85,133.16 3 0
athena/internal/repository/auth_repository.go:133.16,135.3 1 0
athena/internal/repository/auth_repository.go:137.2,137.12 1 0
athena/internal/repository/auth_repository.go:140.90,144.16 3 0
athena/internal/repository/auth_repository.go:144.16,146.3 1 0
athena/internal/repository/auth_repository.go:148.2,148.12 1 0
athena/internal/repository/auth_session_redis.go:16.75,16.119 1 0
athena/internal/repository/auth_session_redis.go:19.35,19.58 1 0
athena/internal/repository/auth_session_redis.go:20.44,20.80 1 0
athena/internal/repository/auth_session_redis.go:22.122,24.17 2 0
athena/internal/repository/auth_session_redis.go:24.17,26.6 1 0
athena/internal/repository/auth_session_redis.go:27.5,31.45 5 0
athena/internal/repository/auth_session_redis.go:31.45,33.6 1 0
athena/internal/repository/auth_session_redis.go:34.5,34.15 1 0
athena/internal/repository/auth_session_redis.go:37.100,39.19 2 0
athena/internal/repository/auth_session_redis.go:39.19,41.6 1 0
athena/internal/repository/auth_session_redis.go:42.5,42.23 1 0
athena/internal/repository/auth_session_redis.go:45.93,50.21 4 0
athena/internal/repository/auth_session_redis.go:50.21,52.6 1 0
athena/internal/repository/auth_session_redis.go:53.5,53.45 1 0
athena/internal/repository/auth_session_redis.go:53.45,55.6 1 0
athena/internal/repository/auth_session_redis.go:56.5,56.15 1 0
athena/internal/repository/auth_session_redis.go:59.98,62.19 3 0
athena/internal/repository/auth_session_redis.go:62.19,65.6 1 0
athena/internal/repository/auth_session_redis.go:66.5,67.28 2 0
athena/internal/repository/auth_session_redis.go:67.28,69.6 1 0
athena/internal/repository/auth_session_redis.go:70.5,71.45 2 0
athena/internal/repository/auth_session_redis.go:71.45,73.6 1 0
athena/internal/repository/auth_session_redis.go:74.5,74.15 1 0
athena/internal/repository/encoding_repository.go:18.68,20.2 1 0
athena/internal/repository/encoding_repository.go:22.92,38.16 3 0
athena/internal/repository/encoding_repository.go:38.16,40.3 1 0
athena/internal/repository/encoding_repository.go:41.2,41.12 1 0
athena/internal/repository/encoding_repository.go:44.101,59.16 5 0
athena/internal/repository/encoding_repository.go:59.16,60.27 1 0
athena/internal/repository/encoding_repository.go:60.27,62.4 1 0
athena/internal/repository/encoding_repository.go:63.3,63.64 1 0
athena/internal/repository/encoding_repository.go:66.2,67.18 2 0
athena/internal/repository/encoding_repository.go:70.112,86.16 5 0
athena/internal/repository/encoding_repository.go:86.16,87.27 1 0
athena/internal/repository/encoding_repository.go:87.27,89.4 1 0
athena/internal/repository/encoding_repository.go:90.3,90.76 1 0
athena/internal/repository/encoding_repository.go:93.2,94.18 2 0
athena/internal/repository/encoding_repository.go:97.92,111.16 3 0
athena/internal/repository/encoding_repository.go:111.16,113.3 1 0
athena/internal/repository/encoding_repository.go:115.2,116.16 2 0
athena/internal/repository/encoding_repository.go:116.16,118.3 1 0
athena/internal/repository/encoding_repository.go:119.2,119.23 1 0
athena/internal/repository/encoding_repository.go:119.23,121.3 1 0
athena/internal/repository/encoding_repository.go:123.2,123.12 1 0
athena/internal/repository/encoding_repository.go:126.81,130.16 3 0
athena/internal/repository/encoding_repository.go:130.16,132.3 1 0
athena/internal/repository/encoding_repository.go:134.2,135.16 2 0
athena/internal/repository/encoding_repository.go:135.16,137.3 1 0
athena/internal/repository/encoding_repository.go:138.2,138.23 1 0
athena/internal/repository/encoding_repository.go:138.23,140.3 1 0
athena/internal/repository/encoding_repository.go:142.2,142.12 1 0
athena/internal/repository/encoding_repository.go:145.108,146.16 1 0
athena/internal/repository/encoding_repository.go:146.16,148.3 1 0
athena/internal/repository/encoding_repository.go:150.2,160.16 3 0
athena/internal/repository/encoding_repository.go:160.16,162.3 1 0
athena/internal/repository/encoding_repository.go:163.2,166.18 3 0
athena/internal/repository/encoding_repository.go:166.18,175.17 4 0
athena/internal/repository/encoding_repository.go:175.17,177.4 1 0
athena/internal/repository/encoding_repository.go:179.3,180.28 2 0
athena/internal/repository/encoding_repository.go:183.2,183.18 1 0
athena/internal/repository/encoding_repository.go:186.91,189.16 2 0
athena/internal/repository/encoding_repository.go:189.16,191.3 1 0
athena/internal/repository/encoding_repository.go:192.2,212.16 6 0
athena/internal/repository/encoding_repository.go:212.16,213.27 1 0
athena/internal/repository/encoding_repository.go:213.27,215.4 1 0
athena/internal/repository/encoding_repository.go:216.3,216.60 1 0
athena/internal/repository/encoding_repository.go:219.2,228.16 4 0
athena/internal/repository/encoding_repository.go:228.16,230.3 1 0
athena/internal/repository/encoding_repository.go:232.2,232.35 1 0
athena/internal/repository/encoding_repository.go:232.35,234.3 1 0
athena/internal/repository/encoding_repository.go:237.2,240.18 3 0
athena/internal/repository/encoding_repository.go:243.117,250.16 3 0
athena/internal/repository/encoding_repository.go:250.16,252.3 1 0
athena/internal/repository/encoding_repository.go:254.2,255.16 2 0
athena/internal/repository/encoding_repository.go:255.16,257.3 1 0
athena/internal/repository/encoding_repository.go:258.2,258.23 1 0
athena/internal/repository/encoding_repository.go:258.23,260.3 1 0
athena/internal/repository/encoding_repository.go:262.2,262.12 1 0
athena/internal/repository/encoding_repository.go:265.103,272.16 3 0
athena/internal/repository/encoding_repository.go:272.16,274.3 1 0
athena/internal/repository/encoding_repository.go:276.2,277.16 2 0
athena/internal/repository/encoding_repository.go:277.16,279.3 1 0
athena/internal/repository/encoding_repository.go:280.2,280.23 1 0
athena/internal/repository/encoding_repository.go:280.23,282.3 1 0
athena/internal/repository/encoding_repository.go:284.2,284.12 1 0
athena/internal/repository/encoding_repository.go:288.90,290.19 2 0
athena/internal/repository/encoding_repository.go:290.19,292.6 1 0
athena/internal/repository/encoding_repository.go:293.5,295.21 3 0
athena/internal/repository/encoding_repository.go:295.21,298.54 3 0
athena/internal/repository/encoding_repository.go:298.54,300.10 1 0
athena/internal/repository/encoding_repository.go:301.9,301.27 1 0
athena/internal/repository/encoding_repository.go:303.5,303.23 1 0
athena/internal/repository/encoding_repository.go:306.100,313.16 3 0
athena/internal/repository/encoding_repository.go:313.16,315.3 1 0
athena/internal/repository/encoding_repository.go:317.2,318.16 2 0
athena/internal/repository/encoding_repository.go:318.16,320.3 1 0
athena/internal/repository/encoding_repository.go:321.2,321.23 1 0
athena/internal/repository/encoding_repository.go:321.23,323.3 1 0
athena/internal/repository/encoding_repository.go:325.2,325.12 1 0
athena/internal/repository/upload_repository.go:18.64,20.2 1 0
athena/internal/repository/upload_repository.go:22.100,38.16 3 0
athena/internal/repository/upload_repository.go:38.16,40.3 1 0
athena/internal/repository/upload_repository.go:41.2,41.12 1 0
athena/internal/repository/upload_repository.go:44.109,60.16 5 0
athena/internal/repository/upload_repository.go:60.16,61.27 1 0
athena/internal/repository/upload_repository.go:61.27,63.4 1 0
athena/internal/repository/upload_repository.go:64.3,64.66 1 0
athena/internal/repository/upload_repository.go:68.2,69.39 2 0
athena/internal/repository/upload_repository.go:69.39,71.3 1 0
athena/internal/repository/upload_repository.go:73.2,73.22 1 0
athena/internal/repository/upload_repository.go:76.100,87.16 3 0
athena/internal/repository/upload_repository.go:87.16,89.3 1 0
athena/internal/repository/upload_repository.go:91.2,92.16 2 0
athena/internal/repository/upload_repository.go:92.16,94.3 1 0
athena/internal/repository/upload_repository.go:95.2,95.23 1 0
athena/internal/repository/upload_repository.go:95.23,97.3 1 0
athena/internal/repository/upload_repository.go:99.2,99.12 1 0
athena/internal/repository/upload_repository.go:102.87,106.16 3 0
athena/internal/repository/upload_repository.go:106.16,108.3 1 0
athena/internal/repository/upload_repository.go:110.2,111.16 2 0
athena/internal/repository/upload_repository.go:111.16,113.3 1 0
athena/internal/repository/upload_repository.go:114.2,114.23 1 0
athena/internal/repository/upload_repository.go:114.23,116.3 1 0
athena/internal/repository/upload_repository.go:118.2,118.12 1 0
athena/internal/repository/upload_repository.go:121.101,124.16 2 0
athena/internal/repository/upload_repository.go:124.16,126.3 1 0
athena/internal/repository/upload_repository.go:127.2,127.16 1 0
athena/internal/repository/upload_repository.go:127.16,129.3 1 0
athena/internal/repository/upload_repository.go:132.2,139.16 3 0
athena/internal/repository/upload_repository.go:139.16,141.3 1 0
athena/internal/repository/upload_repository.go:143.2,144.16 2 0
athena/internal/repository/upload_repository.go:144.16,146.3 1 0
athena/internal/repository/upload_repository.go:147.2,147.23 1 0
athena/internal/repository/upload_repository.go:147.23,149.3 1 0
athena/internal/repository/upload_repository.go:151.2,151.12 1 0
athena/internal/repository/upload_repository.go:154.100,159.16 4 0
athena/internal/repository/upload_repository.go:159.16,160.27 1 0
athena/internal/repository/upload_repository.go:160.27,162.4 1 0
athena/internal/repository/upload_repository.go:163.3,163.67 1 0
athena/internal/repository/upload_repository.go:167.2,168.39 2 0
athena/internal/repository/upload_repository.go:168.39,170.3 1 0
athena/internal/repository/upload_repository.go:172.2,172.20 1 0
athena/internal/repository/upload_repository.go:175.113,180.16 4 0
athena/internal/repository/upload_repository.go:180.16,181.27 1 0
athena/internal/repository/upload_repository.go:181.27,183.4 1 0
athena/internal/repository/upload_repository.go:184.3,184.68 1 0
athena/internal/repository/upload_repository.go:187.2,187.24 1 0
athena/internal/repository/upload_repository.go:190.73,197.16 3 0
athena/internal/repository/upload_repository.go:197.16,199.3 1 0
athena/internal/repository/upload_repository.go:201.2,201.12 1 0
athena/internal/repository/upload_repository.go:204.101,213.16 3 0
athena/internal/repository/upload_repository.go:213.16,215.3 1 0
athena/internal/repository/upload_repository.go:216.2,219.18 3 0
athena/internal/repository/upload_repository.go:219.18,229.17 4 0
athena/internal/repository/upload_repository.go:229.17,231.4 1 0
athena/internal/repository/upload_repository.go:234.3,235.40 2 0
athena/internal/repository/upload_repository.go:235.40,237.4 1 0
athena/internal/repository/upload_repository.go:239.3,239.40 1 0
athena/internal/repository/upload_repository.go:242.2,242.22 1 0
athena/internal/repository/user_repository.go:17.60,19.2 1 0
athena/internal/repository/user_repository.go:21.100,30.16 3 0
athena/internal/repository/user_repository.go:30.16,32.3 1 0
athena/internal/repository/user_repository.go:34.2,34.12 1 0
athena/internal/repository/user_repository.go:37.88,44.16 4 0
athena/internal/repository/user_repository.go:44.16,45.27 1 0
athena/internal/repository/user_repository.go:45.27,47.4 1 0
athena/internal/repository/user_repository.go:48.3,48.62 1 0
athena/internal/repository/user_repository.go:51.2,51.19 1 0
athena/internal/repository/user_repository.go:54.94,61.16 4 0
athena/internal/repository/user_repository.go:61.16,62.27 1 0
athena/internal/repository/user_repository.go:62.27,64.4 1 0
athena/internal/repository/user_repository.go:65.3,65.65 1 0
athena/internal/repository/user_repository.go:68.2,68.19 1 0
athena/internal/repository/user_repository.go:71.100,78.16 4 0
athena/internal/repository/user_repository.go:78.16,79.27 1 0
athena/internal/repository/user_repository.go:79.27,81.4 1 0
athena/internal/repository/user_repository.go:82.3,82.68 1 0
athena/internal/repository/user_repository.go:85.2,85.19 1 0
athena/internal/repository/user_repository.go:88.79,99.16 3 0
athena/internal/repository/user_repository.go:99.16,101.3 1 0
athena/internal/repository/user_repository.go:103.2,104.16 2 0
athena/internal/repository/user_repository.go:104.16,106.3 1 0
athena/internal/repository/user_repository.go:108.2,108.23 1 0
athena/internal/repository/user_repository.go:108.23,110.3 1 0
athena/internal/repository/user_repository.go:112.2,112.12 1 0
athena/internal/repository/user_repository.go:115.71,119.16 3 0
athena/internal/repository/user_repository.go:119.16,121.3 1 0
athena/internal/repository/user_repository.go:123.2,124.16 2 0
athena/internal/repository/user_repository.go:124.16,126.3 1 0
athena/internal/repository/user_repository.go:128.2,128.23 1 0
athena/internal/repository/user_repository.go:128.23,130.3 1 0
athena/internal/repository/user_repository.go:132.2,132.12 1 0
athena/internal/repository/user_repository.go:135.94,140.16 4 0
athena/internal/repository/user_repository.go:140.16,141.27 1 0
athena/internal/repository/user_repository.go:141.27,143.4 1 0
athena/internal/repository/user_repository.go:144.3,144.64 1 0
athena/internal/repository/user_repository.go:147.2,147.26 1 0
athena/internal/repository/user_repository.go:150.97,154.16 3 0
athena/internal/repository/user_repository.go:154.16,156.3 1 0
athena/internal/repository/user_repository.go:158.2,159.16 2 0
athena/internal/repository/user_repository.go:159.16,161.3 1 0
athena/internal/repository/user_repository.go:163.2,163.23 1 0
athena/internal/repository/user_repository.go:163.23,165.3 1 0
athena/internal/repository/user_repository.go:167.2,167.12 1 0
athena/internal/repository/user_repository.go:170.95,179.16 4 0
athena/internal/repository/user_repository.go:179.16,181.3 1 0
athena/internal/repository/user_repository.go:183.2,183.19 1 0
athena/internal/repository/user_repository.go:186.68,191.16 4 0
athena/internal/repository/user_repository.go:191.16,193.3 1 0
athena/internal/repository/user_repository.go:195.2,195.19 1 0
athena/internal/repository/video_repository.go:19.62,21.2 1 0
athena/internal/repository/video_repository.go:23.78,54.16 6 0
athena/internal/repository/video_repository.go:54.16,56.3 1 0
athena/internal/repository/video_repository.go:57.2,57.12 1 0
athena/internal/repository/video_repository.go:60.90,80.16 6 0
athena/internal/repository/video_repository.go:80.16,81.27 1 0
athena/internal/repository/video_repository.go:81.27,83.4 1 0
athena/internal/repository/video_repository.go:84.3,84.63 1 0
athena/internal/repository/video_repository.go:88.2,88.32 1 0
athena/internal/repository/video_repository.go:88.32,90.3 1 0
athena/internal/repository/video_repository.go:91.2,91.27 1 0
athena/internal/repository/video_repository.go:91.27,93.3 1 0
athena/internal/repository/video_repository.go:94.2,94.30 1 0
athena/internal/repository/video_repository.go:94.30,96.3 1 0
athena/internal/repository/video_repository.go:97.2,99.16 2 0
athena/internal/repository/video_repository.go:102.126,107.16 4 0
athena/internal/repository/video_repository.go:107.16,109.3 1 0
athena/internal/repository/video_repository.go:112.2,124.16 3 0
athena/internal/repository/video_repository.go:124.16,126.3 1 0
athena/internal/repository/video_repository.go:127.2,127.15 1 0
athena/internal/repository/video_repository.go:127.15,127.35 1 0
athena/internal/repository/video_repository.go:129.2,130.18 2 0
athena/internal/repository/video_repository.go:130.18,142.17 5 0
athena/internal/repository/video_repository.go:142.17,144.4 1 0
athena/internal/repository/video_repository.go:147.3,147.33 1 0
athena/internal/repository/video_repository.go:147.33,149.4 1 0
athena/internal/repository/video_repository.go:150.3,150.28 1 0
athena/internal/repository/video_repository.go:150.28,152.4 1 0
athena/internal/repository/video_repository.go:153.3,155.30 2 0
athena/internal/repository/video_repository.go:158.2,158.27 1 0
athena/internal/repository/video_repository.go:161.78,174.16 3 0
athena/internal/repository/video_repository.go:174.16,176.3 1 0
athena/internal/repository/video_repository.go:178.2,179.16 2 0
athena/internal/repository/video_repository.go:179.16,181.3 1 0
athena/internal/repository/video_repository.go:182.2,182.23 1 0
athena/internal/repository/video_repository.go:182.23,184.3 1 0
athena/internal/repository/video_repository.go:186.2,186.12 1 0
athena/internal/repository/video_repository.go:189.87,193.16 3 0
athena/internal/repository/video_repository.go:193.16,195.3 1 0
athena/internal/repository/video_repository.go:197.2,198.16 2 0
athena/internal/repository/video_repository.go:198.16,200.3 1 0
athena/internal/repository/video_repository.go:201.2,201.23 1 0
athena/internal/repository/video_repository.go:201.23,203.3 1 0
athena/internal/repository/video_repository.go:205.2,205.12 1 0
athena/internal/repository/video_repository.go:208.189,220.16 4 0
athena/internal/repository/video_repository.go:220.16,222.3 1 0
athena/internal/repository/video_repository.go:223.2,223.43 1 0
athena/internal/repository/video_repository.go:223.43,225.3 1 0
athena/internal/repository/video_repository.go:226.2,226.12 1 0
athena/internal/repository/video_repository.go:229.117,245.24 5 0
athena/internal/repository/video_repository.go:245.24,250.3 4 0
athena/internal/repository/video_repository.go:252.2,252.24 1 0
athena/internal/repository/video_repository.go:252.24,257.3 4 0
athena/internal/repository/video_repository.go:260.2,261.20 2 0
athena/internal/repository/video_repository.go:261.20,262.19 1 0
athena/internal/repository/video_repository.go:263.52,264.22 1 0
athena/internal/repository/video_repository.go:268.2,269.24 2 0
athena/internal/repository/video_repository.go:269.24,271.3 1 0
athena/internal/repository/video_repository.go:273.2,277.39 3 0
athena/internal/repository/video_repository.go:277.39,279.3 1 0
athena/internal/repository/video_repository.go:280.2,281.20 2 0
athena/internal/repository/video_repository.go:281.20,283.3 1 0
athena/internal/repository/video_repository.go:285.2,291.16 5 0
athena/internal/repository/video_repository.go:291.16,293.3 1 0
athena/internal/repository/video_repository.go:296.2,297.16 2 0
athena/internal/repository/video_repository.go:297.16,299.3 1 0
athena/internal/repository/video_repository.go:300.2,300.15 1 0
athena/internal/repository/video_repository.go:300.15,300.35 1 0
athena/internal/repository/video_repository.go:302.2,303.18 2 0
athena/internal/repository/video_repository.go:303.18,315.17 5 0
athena/internal/repository/video_repository.go:315.17,317.4 1 0
athena/internal/repository/video_repository.go:320.3,320.33 1 0
athena/internal/repository/video_repository.go:320.33,322.4 1 0
athena/internal/repository/video_repository.go:323.3,323.28 1 0
athena/internal/repository/video_repository.go:323.28,325.4 1 0
athena/internal/repository/video_repository.go:326.3,328.30 2 0
athena/internal/repository/video_repository.go:331.2,331.27 1 0
athena/internal/repository/video_repository.go:334.119,350.21 5 0
athena/internal/repository/video_repository.go:350.21,363.3 6 0
athena/internal/repository/video_repository.go:366.2,366.23 1 0
athena/internal/repository/video_repository.go:366.23,372.3 5 0
athena/internal/repository/video_repository.go:375.2,375.24 1 0
athena/internal/repository/video_repository.go:375.24,380.3 4 0
athena/internal/repository/video_repository.go:382.2,382.24 1 0
athena/internal/repository/video_repository.go:382.24,387.3 4 0
athena/internal/repository/video_repository.go:390.2,391.20 2 0
athena/internal/repository/video_repository.go:391.20,392.19 1 0
athena/internal/repository/video_repository.go:393.65,394.50 1 0
athena/internal/repository/video_repository.go:394.50,396.5 1 0
athena/internal/repository/video_repository.go:396.10,398.5 1 0
athena/internal/repository/video_repository.go:402.2,403.24 2 0
athena/internal/repository/video_repository.go:403.24,405.3 1 0
athena/internal/repository/video_repository.go:407.2,411.39 3 0
athena/internal/repository/video_repository.go:411.39,413.3 1 0
athena/internal/repository/video_repository.go:414.2,415.20 2 0
athena/internal/repository/video_repository.go:415.20,417.3 1 0
athena/internal/repository/video_repository.go:419.2,425.16 5 0
athena/internal/repository/video_repository.go:425.16,427.3 1 0
athena/internal/repository/video_repository.go:430.2,431.16 2 0
athena/internal/repository/video_repository.go:431.16,433.3 1 0
athena/internal/repository/video_repository.go:434.2,434.15 1 0
athena/internal/repository/video_repository.go:434.15,434.35 1 0
athena/internal/repository/video_repository.go:436.2,437.18 2 0
athena/internal/repository/video_repository.go:437.18,449.17 5 0
athena/internal/repository/video_repository.go:449.17,451.4 1 0
athena/internal/repository/video_repository.go:454.3,454.33 1 0
athena/internal/repository/video_repository.go:454.33,456.4 1 0
athena/internal/repository/video_repository.go:457.3,457.28 1 0
athena/internal/repository/video_repository.go:457.28,459.4 1 0
athena/internal/repository/video_repository.go:460.3,462.30 2 0
athena/internal/repository/video_repository.go:465.2,465.27 1 0
athena/internal/usecase/encoding_service.go:35.132,37.2 1 0
athena/internal/usecase/encoding_service.go:39.71,40.18 1 0
athena/internal/usecase/encoding_service.go:40.18,42.18 2 0
athena/internal/usecase/encoding_service.go:42.18,44.4 1 0
athena/internal/usecase/encoding_service.go:47.2,50.19 3 0
athena/internal/usecase/encoding_service.go:50.19,52.7 2 0
athena/internal/usecase/encoding_service.go:52.7,53.11 1 0
athena/internal/usecase/encoding_service.go:54.22,55.11 1 0
athena/internal/usecase/encoding_service.go:56.12,56.12 0 0
athena/internal/usecase/encoding_service.go:59.4,60.18 2 0
athena/internal/usecase/encoding_service.go:60.18,62.12 1 0
athena/internal/usecase/encoding_service.go:63.23,63.23 0 0
athena/internal/usecase/encoding_service.go:64.13,64.13 0 0
athena/internal/usecase/encoding_service.go:67.4,67.18 1 0
athena/internal/usecase/encoding_service.go:67.18,69.12 1 0
athena/internal/usecase/encoding_service.go:70.23,71.12 1 0
athena/internal/usecase/encoding_service.go:72.47,72.47 0 0
athena/internal/usecase/encoding_service.go:78.2,78.31 1 0
athena/internal/usecase/encoding_service.go:78.31,81.3 2 0
athena/internal/usecase/encoding_service.go:84.2,88.23 4 0
athena/internal/usecase/encoding_service.go:88.23,89.15 1 0
athena/internal/usecase/encoding_service.go:89.15,91.4 1 0
athena/internal/usecase/encoding_service.go:93.2,93.12 1 0
athena/internal/usecase/encoding_service.go:96.74,98.16 2 0
athena/internal/usecase/encoding_service.go:98.16,100.3 1 0
athena/internal/usecase/encoding_service.go:101.2,101.16 1 0
athena/internal/usecase/encoding_service.go:101.16,103.3 1 0
athena/internal/usecase/encoding_service.go:104.2,106.47 2 0
athena/internal/usecase/encoding_service.go:106.47,111.3 4 0
athena/internal/usecase/encoding_service.go:114.2,119.51 6 0
athena/internal/usecase/encoding_service.go:119.51,122.3 2 0
athena/internal/usecase/encoding_service.go:124.2,127.18 4 0
athena/internal/usecase/encoding_service.go:130.90,131.30 1 0
athena/internal/usecase/encoding_service.go:131.30,133.3 1 0
athena/internal/usecase/encoding_service.go:134.2,134.55 1 0
athena/internal/usecase/encoding_service.go:134.55,136.3 1 0
athena/internal/usecase/encoding_service.go:138.2,139.55 2 0
athena/internal/usecase/encoding_service.go:139.55,141.3 1 0
athena/internal/usecase/encoding_service.go:144.2,146.19 3 0
athena/internal/usecase/encoding_service.go:146.19,146.111 2 0
athena/internal/usecase/encoding_service.go:149.2,151.44 3 0
athena/internal/usecase/encoding_service.go:151.44,153.10 2 0
athena/internal/usecase/encoding_service.go:153.10,154.12 1 0
athena/internal/usecase/encoding_service.go:156.3,157.32 2 0
athena/internal/usecase/encoding_service.go:157.32,160.53 3 0
athena/internal/usecase/encoding_service.go:160.53,163.5 2 0
athena/internal/usecase/encoding_service.go:164.4,166.94 3 0
athena/internal/usecase/encoding_service.go:166.94,169.5 2 0
athena/internal/usecase/encoding_service.go:170.4,170.12 1 0
athena/internal/usecase/encoding_service.go:173.2,175.23 3 0
athena/internal/usecase/encoding_service.go:175.23,176.15 1 0
athena/internal/usecase/encoding_service.go:176.15,178.4 1 0
athena/internal/usecase/encoding_service.go:182.2,182.84 1 0
athena/internal/usecase/encoding_service.go:182.84,184.3 1 0
athena/internal/usecase/encoding_service.go:187.2,188.76 2 0
athena/internal/usecase/encoding_service.go:188.76,190.3 1 0
athena/internal/usecase/encoding_service.go:191.2,195.80 3 0
athena/internal/usecase/encoding_service.go:195.80,197.3 1 0
athena/internal/usecase/encoding_service.go:198.2,203.44 4 0
athena/internal/usecase/encoding_service.go:203.44,204.51 1 0
athena/internal/usecase/encoding_service.go:204.51,206.4 1 0
athena/internal/usecase/encoding_service.go:208.2,208.160 1 0
athena/internal/usecase/encoding_service.go:208.160,210.3 1 0
athena/internal/usecase/encoding_service.go:211.2,211.12 1 0
athena/internal/usecase/encoding_service.go:214.132,231.2 2 0
athena/internal/usecase/encoding_service.go:233.101,243.2 2 0
athena/internal/usecase/encoding_service.go:245.103,260.2 2 0
athena/internal/usecase/encoding_service.go:262.97,270.34 4 0
athena/internal/usecase/encoding_service.go:270.34,271.28 1 0
athena/internal/usecase/encoding_service.go:271.28,272.12 1 0
athena/internal/usecase/encoding_service.go:275.3,275.51 1 0
athena/internal/usecase/encoding_service.go:275.51,278.4 2 0
athena/internal/usecase/encoding_service.go:280.2,280.90 1 0
athena/internal/usecase/encoding_service.go:283.80,285.15 2 0
athena/internal/usecase/encoding_service.go:285.15,287.3 1 0
athena/internal/usecase/encoding_service.go:288.2,291.34 4 0
athena/internal/usecase/encoding_service.go:291.34,293.3 1 0
athena/internal/usecase/encoding_service.go:294.2,294.12 1 0
athena/internal/usecase/upload_service.go:37.17,46.2 1 0
athena/internal/usecase/upload_service.go:48.151,51.32 2 0
athena/internal/usecase/upload_service.go:51.32,53.3 1 0
athena/internal/usecase/upload_service.go:56.2,77.55 4 0
athena/internal/usecase/upload_service.go:77.55,79.3 1 0
athena/internal/usecase/upload_service.go:82.2,84.51 3 0
athena/internal/usecase/upload_service.go:84.51,86.3 1 0
athena/internal/usecase/upload_service.go:88.2,105.65 2 0
athena/internal/usecase/upload_service.go:105.65,108.3 2 0
athena/internal/usecase/upload_service.go:110.2,117.22 2 0
athena/internal/usecase/upload_service.go:120.140,123.16 2 0
athena/internal/usecase/upload_service.go:123.16,125.3 1 0
athena/internal/usecase/upload_service.go:127.2,127.49 1 0
athena/internal/usecase/upload_service.go:127.49,129.3 1 0
athena/internal/usecase/upload_service.go:131.2,131.41 1 0
athena/internal/usecase/upload_service.go:131.41,133.3 1 0
athena/internal/usecase/upload_service.go:136.2,136.69 1 0
athena/internal/usecase/upload_service.go:136.69,138.3 1 0
athena/internal/usecase/upload_service.go:141.2,141.86 1 0
athena/internal/usecase/upload_service.go:141.86,143.3 1 0
athena/internal/usecase/upload_service.go:146.2,147.16 2 0
athena/internal/usecase/upload_service.go:147.16,149.3 1 0
athena/internal/usecase/upload_service.go:151.2,151.17 1 0
athena/internal/usecase/upload_service.go:151.17,154.68 2 0
athena/internal/usecase/upload_service.go:154.68,156.4 1 0
athena/internal/usecase/upload_service.go:158.3,158.67 1 0
athena/internal/usecase/upload_service.go:158.67,160.4 1 0
athena/internal/usecase/upload_service.go:163.3,163.84 1 0
athena/internal/usecase/upload_service.go:163.84,165.4 1 0
athena/internal/usecase/upload_service.go:169.2,170.16 2 0
athena/internal/usecase/upload_service.go:170.16,172.3 1 0
athena/internal/usecase/upload_service.go:175.2,176.42 2 0
athena/internal/usecase/upload_service.go:176.42,178.3 1 0
athena/internal/usecase/upload_service.go:180.2,181.43 2 0
athena/internal/usecase/upload_service.go:181.43,182.22 1 0
athena/internal/usecase/upload_service.go:182.22,184.4 1 0
athena/internal/usecase/upload_service.go:187.2,193.22 2 0
athena/internal/usecase/upload_service.go:196.85,199.16 2 0
athena/internal/usecase/upload_service.go:199.16,201.3 1 0
athena/internal/usecase/upload_service.go:203.2,203.49 1 0
athena/internal/usecase/upload_service.go:203.49,205.3 1 0
athena/internal/usecase/upload_service.go:208.2,209.16 2 0
athena/internal/usecase/upload_service.go:209.16,211.3 1 0
athena/internal/usecase/upload_service.go:213.2,213.48 1 0
athena/internal/usecase/upload_service.go:213.48,215.3 1 0
athena/internal/usecase/upload_service.go:218.2,218.55 1 0
athena/internal/usecase/upload_service.go:218.55,220.3 1 0
athena/internal/usecase/upload_service.go:223.2,225.65 3 0
athena/internal/usecase/upload_service.go:225.65,227.3 1 0
athena/internal/usecase/upload_service.go:230.2,231.16 2 0
athena/internal/usecase/upload_service.go:231.16,233.3 1 0
athena/internal/usecase/upload_service.go:235.2,237.55 3 0
athena/internal/usecase/upload_service.go:237.55,239.3 1 0
athena/internal/usecase/upload_service.go:242.5,246.34 3 0
athena/internal/usecase/upload_service.go:246.34,248.6 1 0
athena/internal/usecase/upload_service.go:248.11,248.40 1 0
athena/internal/usecase/upload_service.go:248.40,252.74 3 0
athena/internal/usecase/upload_service.go:252.74,253.71 1 0
athena/internal/usecase/upload_service.go:253.71,255.46 2 0
athena/internal/usecase/upload_service.go:255.46,255.59 1 0
athena/internal/usecase/upload_service.go:256.17,257.36 2 0
athena/internal/usecase/upload_service.go:257.36,258.113 1 0
athena/internal/usecase/upload_service.go:258.113,259.117 1 0
athena/internal/usecase/upload_service.go:259.117,262.26 2 0
athena/internal/usecase/upload_service.go:265.19,266.78 1 0
athena/internal/usecase/upload_service.go:266.78,269.18 2 0
athena/internal/usecase/upload_service.go:272.9,273.26 2 0
athena/internal/usecase/upload_service.go:273.26,276.41 2 0
athena/internal/usecase/upload_service.go:276.41,278.53 2 0
athena/internal/usecase/upload_service.go:278.53,279.38 1 0
athena/internal/usecase/upload_service.go:279.38,281.22 1 0
athena/internal/usecase/upload_service.go:281.27,283.22 1 0
athena/internal/usecase/upload_service.go:289.2,301.59 2 0
athena/internal/usecase/upload_service.go:301.59,303.3 1 0
athena/internal/usecase/upload_service.go:305.2,305.12 1 0
athena/internal/usecase/upload_service.go:308.111,310.16 2 0
athena/internal/usecase/upload_service.go:310.16,312.3 1 0
athena/internal/usecase/upload_service.go:315.2,316.16 2 0
athena/internal/usecase/upload_service.go:316.16,318.3 1 0
athena/internal/usecase/upload_service.go:320.2,321.21 2 0
athena/internal/usecase/upload_service.go:324.98,327.52 2 0
athena/internal/usecase/upload_service.go:327.52,329.3 1 0
athena/internal/usecase/upload_service.go:331.2,333.16 3 0
athena/internal/usecase/upload_service.go:333.16,335.3 1 0
athena/internal/usecase/upload_service.go:336.2,340.16 3 0
athena/internal/usecase/upload_service.go:340.16,342.3 1 0
athena/internal/usecase/upload_service.go:344.2,347.44 2 0
athena/internal/usecase/upload_service.go:347.44,350.17 3 0
athena/internal/usecase/upload_service.go:350.17,352.4 1 0
athena/internal/usecase/upload_service.go:354.3,354.55 1 0
athena/internal/usecase/upload_service.go:354.55,356.4 1 0
athena/internal/usecase/upload_service.go:360.2,363.36 2 0
athena/internal/usecase/upload_service.go:363.36,364.95 1 0
athena/internal/usecase/upload_service.go:364.95,368.4 2 0
athena/internal/usecase/upload_service.go:371.2,371.12 1 0
athena/internal/usecase/upload_service.go:374.87,376.16 2 0
athena/internal/usecase/upload_service.go:376.16,378.3 1 0
athena/internal/usecase/upload_service.go:381.2,382.46 2 0
athena/internal/usecase/upload_service.go:382.46,384.3 1 0
athena/internal/usecase/upload_service.go:386.2,386.12 1 0
athena/internal/validation/checksum.go:20.66,24.2 1 10
athena/internal/validation/checksum.go:27.95,29.97 1 5
athena/internal/validation/checksum.go:29.97,30.35 1 1
athena/internal/validation/checksum.go:30.35,32.4 1 0
athena/internal/validation/checksum.go:33.3,33.13 1 1
athena/internal/validation/checksum.go:37.2,37.61 1 4
athena/internal/validation/checksum.go:37.61,39.3 1 1
athena/internal/validation/checksum.go:42.2,42.28 1 3
athena/internal/validation/checksum.go:42.28,44.3 1 1
athena/internal/validation/checksum.go:47.2,47.37 1 2
athena/internal/validation/checksum.go:47.37,49.3 1 0
athena/internal/validation/checksum.go:52.2,56.40 4 2
athena/internal/validation/checksum.go:56.40,57.35 1 1
athena/internal/validation/checksum.go:57.35,59.4 1 0
athena/internal/validation/checksum.go:60.3,60.90 1 1
athena/internal/validation/checksum.go:63.2,63.34 1 1
athena/internal/validation/checksum.go:63.34,65.3 1 0
athena/internal/validation/checksum.go:67.2,67.12 1 1
athena/internal/validation/checksum.go:71.98,72.62 1 0
athena/internal/validation/checksum.go:72.62,74.3 1 0
athena/internal/validation/checksum.go:76.2,76.28 1 0
athena/internal/validation/checksum.go:76.28,78.3 1 0
athena/internal/validation/checksum.go:81.2,81.97 1 0
athena/internal/validation/checksum.go:81.97,82.35 1 0
athena/internal/validation/checksum.go:82.35,84.4 1 0
athena/internal/validation/checksum.go:85.3,85.13 1 0
athena/internal/validation/checksum.go:88.2,89.16 2 0
athena/internal/validation/checksum.go:89.16,91.3 1 0
athena/internal/validation/checksum.go:92.2,92.15 1 0
athena/internal/validation/checksum.go:92.15,93.80 1 0
athena/internal/validation/checksum.go:93.80,95.4 1 0
athena/internal/validation/checksum.go:98.2,99.49 2 0
athena/internal/validation/checksum.go:99.49,101.3 1 0
athena/internal/validation/checksum.go:103.2,105.40 2 0
athena/internal/validation/checksum.go:105.40,106.35 1 0
athena/internal/validation/checksum.go:106.35,108.4 1 0
athena/internal/validation/checksum.go:109.3,109.94 1 0
athena/internal/validation/checksum.go:112.2,112.34 1 0
athena/internal/validation/checksum.go:112.34,114.3 1 0
athena/internal/validation/checksum.go:116.2,116.12 1 0
athena/internal/validation/checksum.go:120.67,124.2 3 1
athena/internal/validation/checksum.go:127.84,129.16 2 0
athena/internal/validation/checksum.go:129.16,131.3 1 0
athena/internal/validation/checksum.go:132.2,132.15 1 0
athena/internal/validation/checksum.go:132.15,133.48 1 0
athena/internal/validation/checksum.go:133.48,135.4 1 0
athena/internal/validation/checksum.go:138.2,139.49 2 0
athena/internal/validation/checksum.go:139.49,141.3 1 0
athena/internal/validation/checksum.go:143.2,143.49 1 0
athena/internal/validation/checksum.go:147.71,148.63 1 2
athena/internal/validation/checksum.go:148.63,149.44 1 2
athena/internal/validation/checksum.go:149.44,151.4 1 2
athena/internal/validation/checksum.go:153.2,153.14 1 0
athena/internal/validation/checksum.go:157.56,159.35 2 4
athena/internal/validation/checksum.go:159.35,161.3 1 2
athena/internal/validation/checksum.go:162.2,162.33 1 4
athena/internal/validation/checksum.go:162.33,164.3 1 2
athena/internal/validation/checksum.go:165.2,165.13 1 4
athena/internal/httpapi/encoding.go:10.78,11.57 1 0
athena/internal/httpapi/encoding.go:11.57,13.23 2 0
athena/internal/httpapi/encoding.go:13.23,16.10 2 0
athena/internal/httpapi/encoding.go:17.9,22.11 1 0
athena/internal/httpapi/handlers.go:32.167,34.2 1 3
athena/internal/httpapi/handlers.go:37.64,39.64 2 0
athena/internal/httpapi/handlers.go:39.64,42.6 2 0
athena/internal/httpapi/handlers.go:44.5,44.46 1 0
athena/internal/httpapi/handlers.go:44.46,47.6 2 0
athena/internal/httpapi/handlers.go:50.5,51.19 2 0
athena/internal/httpapi/handlers.go:51.19,54.6 2 0
athena/internal/httpapi/handlers.go:55.5,56.19 2 0
athena/internal/httpapi/handlers.go:56.19,59.6 2 0
athena/internal/httpapi/handlers.go:60.5,60.81 1 0
athena/internal/httpapi/handlers.go:60.81,63.6 2 0
athena/internal/httpapi/handlers.go:66.5,69.26 4 0
athena/internal/httpapi/handlers.go:69.26,77.78 2 0
athena/internal/httpapi/handlers.go:77.78,80.10 2 0
athena/internal/httpapi/handlers.go:83.9,83.104 1 0
athena/internal/httpapi/handlers.go:83.104,86.10 2 0
athena/internal/httpapi/handlers.go:90.5,91.32 2 0
athena/internal/httpapi/handlers.go:91.32,91.78 2 0
athena/internal/httpapi/handlers.go:92.5,110.42 3 0
athena/internal/httpapi/handlers.go:114.67,116.64 2 4
athena/internal/httpapi/handlers.go:116.64,119.6 2 0
athena/internal/httpapi/handlers.go:121.5,121.68 1 4
athena/internal/httpapi/handlers.go:121.68,124.6 2 1
athena/internal/httpapi/handlers.go:127.5,127.26 1 3
athena/internal/httpapi/handlers.go:127.26,128.80 1 3
athena/internal/httpapi/handlers.go:128.80,131.10 2 1
athena/internal/httpapi/handlers.go:132.9,132.86 1 2
athena/internal/httpapi/handlers.go:132.86,135.10 2 1
athena/internal/httpapi/handlers.go:137.9,140.35 4 1
athena/internal/httpapi/handlers.go:140.35,140.69 1 1
athena/internal/httpapi/handlers.go:142.9,155.23 3 1
athena/internal/httpapi/handlers.go:155.23,158.10 2 0
athena/internal/httpapi/handlers.go:160.9,160.83 1 1
athena/internal/httpapi/handlers.go:160.83,164.10 3 0
athena/internal/httpapi/handlers.go:167.9,168.36 2 1
athena/internal/httpapi/handlers.go:168.36,168.82 2 1
athena/internal/httpapi/handlers.go:169.9,186.30 5 1
athena/internal/httpapi/handlers.go:186.30,194.82 2 0
athena/internal/httpapi/handlers.go:194.82,197.14 2 0
athena/internal/httpapi/handlers.go:198.13,198.108 1 0
athena/internal/httpapi/handlers.go:198.108,201.14 2 0
athena/internal/httpapi/handlers.go:204.9,212.15 3 1
athena/internal/httpapi/handlers.go:216.5,216.125 1 0
athena/internal/httpapi/handlers.go:220.71,222.64 2 0
athena/internal/httpapi/handlers.go:222.64,225.6 2 0
athena/internal/httpapi/handlers.go:227.5,227.31 1 0
athena/internal/httpapi/handlers.go:227.31,230.6 2 0
athena/internal/httpapi/handlers.go:232.5,232.26 1 0
athena/internal/httpapi/handlers.go:232.26,235.6 2 0
athena/internal/httpapi/handlers.go:238.5,239.19 2 0
athena/internal/httpapi/handlers.go:239.19,242.6 2 0
athena/internal/httpapi/handlers.go:245.5,256.74 5 0
athena/internal/httpapi/handlers.go:256.74,259.6 2 0
athena/internal/httpapi/handlers.go:262.5,263.110 2 0
athena/internal/httpapi/handlers.go:263.110,266.6 2 0
athena/internal/httpapi/handlers.go:268.5,274.42 2 0
athena/internal/httpapi/handlers.go:278.65,281.26 2 0
athena/internal/httpapi/handlers.go:281.26,284.6 2 0
athena/internal/httpapi/handlers.go:286.5,291.42 2 0
athena/internal/httpapi/handlers.go:295.70,302.2 2 0
athena/internal/httpapi/handlers.go:305.73,311.23 4 0
athena/internal/httpapi/handlers.go:311.23,313.20 2 0
athena/internal/httpapi/handlers.go:313.20,315.10 1 0
athena/internal/httpapi/handlers.go:316.9,318.55 3 0
athena/internal/httpapi/handlers.go:318.55,320.10 1 0
athena/internal/httpapi/handlers.go:323.2,333.39 2 0
athena/internal/httpapi/handlers.go:338.76,350.2 1 1
athena/internal/httpapi/handlers.go:354.30,356.47 1 0
athena/internal/httpapi/handlers.go:356.47,358.6 1 0
athena/internal/httpapi/handlers.go:359.5,359.24 1 0
athena/internal/httpapi/handlers.go:362.29,362.41 1 0
athena/internal/httpapi/handlers.go:362.41,362.64 1 0
athena/internal/httpapi/handlers.go:362.66,362.74 1 0
athena/internal/httpapi/handlers.go:365.73,374.19 5 1
athena/internal/httpapi/handlers.go:374.19,377.6 1 0
athena/internal/httpapi/handlers.go:378.5,378.13 1 1
athena/internal/httpapi/handlers.go:382.29,384.16 2 0
athena/internal/httpapi/handlers.go:384.16,386.6 1 0
athena/internal/httpapi/handlers.go:387.5,388.19 2 0
athena/internal/httpapi/handlers.go:388.19,390.6 1 0
athena/internal/httpapi/handlers.go:391.5,391.13 1 0
athena/internal/httpapi/health.go:20.58,29.2 2 0
athena/internal/httpapi/health.go:31.61,36.40 4 0
athena/internal/httpapi/health.go:36.40,40.3 3 0
athena/internal/httpapi/health.go:40.8,42.3 1 0
athena/internal/httpapi/health.go:44.2,44.37 1 0
athena/internal/httpapi/health.go:44.37,48.3 3 0
athena/internal/httpapi/health.go:48.8,50.3 1 0
athena/internal/httpapi/health.go:52.2,52.36 1 0
athena/internal/httpapi/health.go:52.36,56.3 3 0
athena/internal/httpapi/health.go:56.8,58.3 1 0
athena/internal/httpapi/health.go:60.2,60.42 1 0
athena/internal/httpapi/health.go:60.42,64.3 3 0
athena/internal/httpapi/health.go:64.8,66.3 1 0
athena/internal/httpapi/health.go:68.2,76.37 2 0
athena/internal/httpapi/health.go:79.28,81.2 1 0
athena/internal/httpapi/health.go:83.25,85.2 1 0
athena/internal/httpapi/health.go:87.24,89.2 1 0
athena/internal/httpapi/health.go:91.30,95.32 3 0
athena/internal/httpapi/health.go:95.32,97.3 1 0
athena/internal/httpapi/health.go:99.2,99.12 1 0
athena/internal/httpapi/response.go:30.73,39.60 4 7
athena/internal/httpapi/response.go:39.60,42.3 1 0
athena/internal/httpapi/response.go:45.67,53.51 4 10
athena/internal/httpapi/response.go:53.51,56.3 2 10
athena/internal/httpapi/response.go:58.2,63.60 2 10
athena/internal/httpapi/response.go:63.60,66.3 1 0
athena/internal/httpapi/response.go:69.93,79.60 4 0
athena/internal/httpapi/response.go:79.60,82.3 1 0
athena/internal/httpapi/response.go:85.42,86.13 1 0
athena/internal/httpapi/response.go:87.75,88.29 1 0
athena/internal/httpapi/response.go:89.108,90.33 1 0
athena/internal/httpapi/response.go:91.27,92.30 1 0
athena/internal/httpapi/response.go:93.99,94.31 1 0
athena/internal/httpapi/response.go:95.55,96.29 1 0
athena/internal/httpapi/response.go:97.33,98.36 1 0
athena/internal/httpapi/response.go:99.63,100.39 1 0
athena/internal/httpapi/response.go:101.30,102.42 1 0
athena/internal/httpapi/response.go:103.10,104.40 1 0
athena/internal/httpapi/routes.go:21.55,26.16 3 0
athena/internal/httpapi/routes.go:26.16,27.62 1 0
athena/internal/httpapi/routes.go:29.2,37.77 7 0
athena/internal/httpapi/routes.go:37.77,38.72 1 0
athena/internal/httpapi/routes.go:40.2,40.82 1 0
athena/internal/httpapi/routes.go:40.82,41.77 1 0
athena/internal/httpapi/routes.go:45.2,49.16 3 0
athena/internal/httpapi/routes.go:49.16,50.58 1 0
athena/internal/httpapi/routes.go:52.2,54.25 2 0
athena/internal/httpapi/routes.go:54.25,58.3 3 0
athena/internal/httpapi/routes.go:58.18,59.59 1 0
athena/internal/httpapi/routes.go:61.2,77.40 9 0
athena/internal/httpapi/routes.go:77.40,78.41 1 0
athena/internal/httpapi/routes.go:78.41,92.4 10 0
athena/internal/httpapi/routes.go:95.3,98.42 2 0
athena/internal/httpapi/routes.go:98.42,101.47 3 0
athena/internal/httpapi/routes.go:101.47,106.5 4 0
athena/internal/httpapi/routes.go:109.3,109.43 1 0
athena/internal/httpapi/routes.go:109.43,111.4 1 0
athena/internal/httpapi/routes.go:113.3,113.40 1 0
athena/internal/httpapi/routes.go:113.40,120.4 5 0
athena/internal/httpapi/users.go:19.74,20.57 1 3
athena/internal/httpapi/users.go:20.57,22.25 2 3
athena/internal/httpapi/users.go:22.25,25.10 2 1
athena/internal/httpapi/users.go:27.9,28.23 2 2
athena/internal/httpapi/users.go:28.23,29.46 1 1
athena/internal/httpapi/users.go:29.46,32.14 2 1
athena/internal/httpapi/users.go:33.13,34.19 2 0
athena/internal/httpapi/users.go:37.9,37.42 1 1
athena/internal/httpapi/users.go:42.77,50.57 2 1
athena/internal/httpapi/users.go:50.57,52.25 2 1
athena/internal/httpapi/users.go:52.25,55.10 2 0
athena/internal/httpapi/users.go:57.9,58.68 2 1
athena/internal/httpapi/users.go:58.68,61.10 2 0
athena/internal/httpapi/users.go:63.9,64.23 2 1
athena/internal/httpapi/users.go:64.23,65.46 1 0
athena/internal/httpapi/users.go:65.46,68.14 2 0
athena/internal/httpapi/users.go:69.13,70.19 2 0
athena/internal/httpapi/users.go:74.9,74.34 1 1
athena/internal/httpapi/users.go:74.34,76.10 1 1
athena/internal/httpapi/users.go:77.9,77.26 1 1
athena/internal/httpapi/users.go:77.26,79.10 1 1
athena/internal/httpapi/users.go:80.9,80.29 1 1
athena/internal/httpapi/users.go:80.29,82.10 1 1
athena/internal/httpapi/users.go:83.9,83.36 1 1
athena/internal/httpapi/users.go:83.36,85.10 1 0
athena/internal/httpapi/users.go:86.9,88.62 2 1
athena/internal/httpapi/users.go:88.62,89.46 1 0
athena/internal/httpapi/users.go:89.46,92.14 2 0
athena/internal/httpapi/users.go:93.13,94.19 2 0
athena/internal/httpapi/users.go:97.9,97.42 1 1
athena/internal/httpapi/users.go:102.67,103.57 1 2
athena/internal/httpapi/users.go:103.57,105.25 2 2
athena/internal/httpapi/users.go:105.25,108.10 2 0
athena/internal/httpapi/users.go:110.9,111.23 2 2
athena/internal/httpapi/users.go:111.23,112.46 1 1
athena/internal/httpapi/users.go:112.46,115.14 2 1
athena/internal/httpapi/users.go:116.13,117.19 2 0
athena/internal/httpapi/users.go:120.9,120.42 1 1
athena/internal/httpapi/users.go:125.60,127.21 2 0
athena/internal/httpapi/users.go:127.21,130.6 2 0
athena/internal/httpapi/users.go:132.5,133.34 2 0
athena/internal/httpapi/users.go:133.34,135.6 1 0
athena/internal/httpapi/users.go:137.5,138.19 2 0
athena/internal/httpapi/users.go:138.19,140.6 1 0
athena/internal/httpapi/users.go:142.5,179.54 3 0
athena/internal/httpapi/users.go:183.70,196.57 2 3
athena/internal/httpapi/users.go:196.57,198.68 2 5
athena/internal/httpapi/users.go:198.68,201.10 2 0
athena/internal/httpapi/users.go:203.9,203.72 1 5
athena/internal/httpapi/users.go:203.72,206.10 2 1
athena/internal/httpapi/users.go:209.9,209.74 1 4
athena/internal/httpapi/users.go:209.74,212.10 2 1
athena/internal/httpapi/users.go:213.9,213.80 1 3
athena/internal/httpapi/users.go:213.80,216.10 2 1
athena/internal/httpapi/users.go:218.9,221.23 4 2
athena/internal/httpapi/users.go:221.23,223.10 1 2
athena/internal/httpapi/users.go:224.9,225.32 2 2
athena/internal/httpapi/users.go:225.32,227.10 1 0
athena/internal/httpapi/users.go:229.9,245.23 3 2
athena/internal/httpapi/users.go:245.23,248.10 2 0
athena/internal/httpapi/users.go:250.9,250.83 1 2
athena/internal/httpapi/users.go:250.83,254.10 2 0
athena/internal/httpapi/users.go:257.9,258.47 2 2
athena/internal/httpapi/videos.go:25.71,26.54 1 0
athena/internal/httpapi/videos.go:26.54,28.32 2 0
athena/internal/httpapi/videos.go:28.32,30.4 1 0
athena/internal/httpapi/videos.go:32.3,33.17 2 0
athena/internal/httpapi/videos.go:33.17,35.4 1 0
athena/internal/httpapi/videos.go:37.3,38.17 2 0
athena/internal/httpapi/videos.go:38.17,40.4 1 0
athena/internal/httpapi/videos.go:42.3,43.40 2 0
athena/internal/httpapi/videos.go:43.40,45.4 1 0
athena/internal/httpapi/videos.go:47.3,57.17 3 0
athena/internal/httpapi/videos.go:57.17,60.4 2 0
athena/internal/httpapi/videos.go:62.3,68.52 2 0
athena/internal/httpapi/videos.go:72.73,73.54 1 0
athena/internal/httpapi/videos.go:73.54,75.18 2 0
athena/internal/httpapi/videos.go:75.18,78.4 2 0
athena/internal/httpapi/videos.go:80.3,81.32 2 0
athena/internal/httpapi/videos.go:81.32,83.4 1 0
athena/internal/httpapi/videos.go:85.3,86.17 2 0
athena/internal/httpapi/videos.go:86.17,88.4 1 0
athena/internal/httpapi/videos.go:90.3,104.17 4 0
athena/internal/httpapi/videos.go:104.17,107.4 2 0
athena/internal/httpapi/videos.go:109.3,115.52 2 0
athena/internal/httpapi/videos.go:119.69,120.54 1 0
athena/internal/httpapi/videos.go:120.54,122.20 2 0
athena/internal/httpapi/videos.go:122.20,125.4 2 0
athena/internal/httpapi/videos.go:128.3,128.48 1 0
athena/internal/httpapi/videos.go:128.48,131.4 2 0
athena/internal/httpapi/videos.go:133.3,134.17 2 0
athena/internal/httpapi/videos.go:134.17,135.53 1 0
athena/internal/httpapi/videos.go:135.53,138.5 2 0
athena/internal/httpapi/videos.go:139.4,140.10 2 0
athena/internal/httpapi/videos.go:143.3,143.37 1 0
athena/internal/httpapi/videos.go:147.72,148.54 1 0
athena/internal/httpapi/videos.go:148.54,150.62 2 0
athena/internal/httpapi/videos.go:150.62,153.4 2 0
athena/internal/httpapi/videos.go:156.3,156.22 1 0
athena/internal/httpapi/videos.go:156.22,159.4 2 0
athena/internal/httpapi/videos.go:160.3,160.24 1 0
athena/internal/httpapi/videos.go:160.24,163.4 2 0
athena/internal/httpapi/videos.go:165.3,165.123 1 0
athena/internal/httpapi/videos.go:165.123,168.4 2 0
athena/internal/httpapi/videos.go:170.3,171.19 2 0
athena/internal/httpapi/videos.go:171.19,174.4 2 0
athena/internal/httpapi/videos.go:176.3,193.57 3 0
athena/internal/httpapi/videos.go:193.57,196.4 2 0
athena/internal/httpapi/videos.go:198.3,199.42 2 0
athena/internal/httpapi/videos.go:203.72,204.54 1 0
athena/internal/httpapi/videos.go:204.54,206.20 2 0
athena/internal/httpapi/videos.go:206.20,209.4 2 0
athena/internal/httpapi/videos.go:212.3,212.48 1 0
athena/internal/httpapi/videos.go:212.48,215.4 2 0
athena/internal/httpapi/videos.go:217.3,218.62 2 0
athena/internal/httpapi/videos.go:218.62,221.4 2 0
athena/internal/httpapi/videos.go:224.3,224.22 1 0
athena/internal/httpapi/videos.go:224.22,227.4 2 0
athena/internal/httpapi/videos.go:228.3,228.24 1 0
athena/internal/httpapi/videos.go:228.24,231.4 2 0
athena/internal/httpapi/videos.go:233.3,233.123 1 0
athena/internal/httpapi/videos.go:233.123,236.4 2 0
athena/internal/httpapi/videos.go:238.3,239.19 2 0
athena/internal/httpapi/videos.go:239.19,242.4 2 0
athena/internal/httpapi/videos.go:245.3,246.17 2 0
athena/internal/httpapi/videos.go:246.17,248.34 2 0
athena/internal/httpapi/videos.go:248.34,251.5 2 0
athena/internal/httpapi/videos.go:252.4,253.10 2 0
athena/internal/httpapi/videos.go:256.3,256.37 1 0
athena/internal/httpapi/videos.go:256.37,259.4 2 0
athena/internal/httpapi/videos.go:262.3,275.57 2 0
athena/internal/httpapi/videos.go:275.57,277.34 2 0
athena/internal/httpapi/videos.go:277.34,280.5 2 0
athena/internal/httpapi/videos.go:281.4,282.10 2 0
athena/internal/httpapi/videos.go:286.3,287.17 2 0
athena/internal/httpapi/videos.go:287.17,290.4 2 0
athena/internal/httpapi/videos.go:292.3,292.44 1 0
athena/internal/httpapi/videos.go:296.72,297.54 1 0
athena/internal/httpapi/videos.go:297.54,299.20 2 0
athena/internal/httpapi/videos.go:299.20,302.4 2 0
athena/internal/httpapi/videos.go:305.3,305.48 1 0
athena/internal/httpapi/videos.go:305.48,308.4 2 0
athena/internal/httpapi/videos.go:310.3,311.19 2 0
athena/internal/httpapi/videos.go:311.19,314.4 2 0
athena/internal/httpapi/videos.go:316.3,316.67 1 0
athena/internal/httpapi/videos.go:316.67,318.34 2 0
athena/internal/httpapi/videos.go:318.34,321.5 2 0
athena/internal/httpapi/videos.go:322.4,323.10 2 0
athena/internal/httpapi/videos.go:326.3,326.38 1 0
athena/internal/httpapi/videos.go:331.117,332.54 1 0
athena/internal/httpapi/videos.go:332.54,334.19 2 0
athena/internal/httpapi/videos.go:334.19,337.4 2 0
athena/internal/httpapi/videos.go:339.3,340.62 2 0
athena/internal/httpapi/videos.go:340.62,343.4 2 0
athena/internal/httpapi/videos.go:346.3,346.25 1 0
athena/internal/httpapi/videos.go:346.25,348.4 1 0
athena/internal/httpapi/videos.go:350.3,351.17 2 0
athena/internal/httpapi/videos.go:351.17,353.34 2 0
athena/internal/httpapi/videos.go:353.34,356.5 2 0
athena/internal/httpapi/videos.go:357.4,358.10 2 0
athena/internal/httpapi/videos.go:361.3,361.45 1 0
athena/internal/httpapi/videos.go:366.99,367.54 1 0
athena/internal/httpapi/videos.go:367.54,369.22 2 0
athena/internal/httpapi/videos.go:369.22,372.4 2 0
athena/internal/httpapi/videos.go:375.3,375.50 1 0
athena/internal/httpapi/videos.go:375.50,378.4 2 0
athena/internal/httpapi/videos.go:380.3,381.17 2 0
athena/internal/httpapi/videos.go:381.17,384.4 2 0
athena/internal/httpapi/videos.go:386.3,392.57 3 0
athena/internal/httpapi/videos.go:392.57,395.4 2 0
athena/internal/httpapi/videos.go:398.3,399.17 2 0
athena/internal/httpapi/videos.go:399.17,402.4 2 0
athena/internal/httpapi/videos.go:405.3,405.81 1 0
athena/internal/httpapi/videos.go:405.81,408.4 2 0
athena/internal/httpapi/videos.go:410.3,418.17 3 0
athena/internal/httpapi/videos.go:418.17,420.34 2 0
athena/internal/httpapi/videos.go:420.34,423.5 2 0
athena/internal/httpapi/videos.go:424.4,425.10 2 0
athena/internal/httpapi/videos.go:428.3,428.40 1 0
athena/internal/httpapi/videos.go:433.123,434.54 1 0
athena/internal/httpapi/videos.go:434.54,436.22 2 0
athena/internal/httpapi/videos.go:436.22,439.4 2 0
athena/internal/httpapi/videos.go:442.3,442.50 1 0
athena/internal/httpapi/videos.go:442.50,445.4 2 0
athena/internal/httpapi/videos.go:447.3,447.78 1 0
athena/internal/httpapi/videos.go:447.78,449.34 2 0
athena/internal/httpapi/videos.go:449.34,452.5 2 0
athena/internal/httpapi/videos.go:453.4,454.10 2 0
athena/internal/httpapi/videos.go:457.3,463.40 2 0
athena/internal/httpapi/videos.go:468.83,469.54 1 0
athena/internal/httpapi/videos.go:469.54,471.22 2 0
athena/internal/httpapi/videos.go:471.22,474.4 2 0
athena/internal/httpapi/videos.go:477.3,477.50 1 0
athena/internal/httpapi/videos.go:477.50,480.4 2 0
athena/internal/httpapi/videos.go:482.3,483.17 2 0
athena/internal/httpapi/videos.go:483.17,485.34 2 0
athena/internal/httpapi/videos.go:485.34,488.5 2 0
athena/internal/httpapi/videos.go:489.4,490.10 2 0
athena/internal/httpapi/videos.go:493.3,493.39 1 0
athena/internal/httpapi/videos.go:498.80,499.54 1 0
athena/internal/httpapi/videos.go:499.54,501.22 2 0
athena/internal/httpapi/videos.go:501.22,504.4 2 0
athena/internal/httpapi/videos.go:507.3,507.50 1 0
athena/internal/httpapi/videos.go:507.50,510.4 2 0
athena/internal/httpapi/videos.go:512.3,513.17 2 0
athena/internal/httpapi/videos.go:513.17,515.34 2 0
athena/internal/httpapi/videos.go:515.34,518.5 2 0
athena/internal/httpapi/videos.go:519.4,520.10 2 0
athena/internal/httpapi/videos.go:524.3,525.48 2 0
athena/internal/httpapi/videos.go:525.48,527.4 1 0
athena/internal/httpapi/videos.go:529.3,530.44 2 0
athena/internal/httpapi/videos.go:530.44,531.23 1 0
athena/internal/httpapi/videos.go:531.23,533.5 1 0
athena/internal/httpapi/videos.go:536.3,546.42 2 0
athena/internal/httpapi/videos.go:550.74,551.54 1 0
athena/internal/httpapi/videos.go:551.54,553.19 2 0
athena/internal/httpapi/videos.go:553.19,556.4 2 0
athena/internal/httpapi/videos.go:559.3,559.47 1 0
athena/internal/httpapi/videos.go:559.47,562.4 2 0
athena/internal/httpapi/videos.go:564.3,565.32 2 0
athena/internal/httpapi/videos.go:565.32,567.4 1 0
athena/internal/httpapi/videos.go:569.3,570.17 2 0
athena/internal/httpapi/videos.go:570.17,572.4 1 0
athena/internal/httpapi/videos.go:574.3,575.17 2 0
athena/internal/httpapi/videos.go:575.17,578.4 2 0
athena/internal/httpapi/videos.go:580.3,586.52 2 0
athena/internal/httpapi/videos.go:591.104,592.54 1 0
athena/internal/httpapi/videos.go:592.54,594.20 2 0
athena/internal/httpapi/videos.go:594.20,597.4 2 0
athena/internal/httpapi/videos.go:600.3,600.48 1 0
athena/internal/httpapi/videos.go:600.48,603.4 2 0
athena/internal/httpapi/videos.go:605.3,606.26 2 0
athena/internal/httpapi/videos.go:606.26,609.4 2 0
athena/internal/httpapi/videos.go:611.3,612.17 2 0
athena/internal/httpapi/videos.go:612.17,615.4 2 0
athena/internal/httpapi/videos.go:617.3,618.27 2 0
athena/internal/httpapi/videos.go:618.27,621.4 2 0
athena/internal/httpapi/videos.go:623.3,627.57 3 0
athena/internal/httpapi/videos.go:627.57,630.4 2 0
athena/internal/httpapi/videos.go:633.3,634.17 2 0
athena/internal/httpapi/videos.go:634.17,637.4 2 0
athena/internal/httpapi/videos.go:641.3,641.91 1 0
athena/internal/httpapi/videos.go:641.91,642.82 1 0
athena/internal/httpapi/videos.go:642.82,645.5 2 0
athena/internal/httpapi/videos.go:650.3,658.40 3 0
athena/internal/httpapi/videos.go:663.87,664.54 1 0
athena/internal/httpapi/videos.go:664.54,666.20 2 0
athena/internal/httpapi/videos.go:666.20,669.4 2 0
athena/internal/httpapi/videos.go:672.3,672.48 1 0
athena/internal/httpapi/videos.go:672.48,675.4 2 0
athena/internal/httpapi/videos.go:677.3,683.40 2 0
athena/internal/httpapi/videos.go:687.58,689.19 2 3
athena/internal/httpapi/videos.go:689.19,692.3 2 0
athena/internal/httpapi/videos.go:694.2,701.19 6 3
athena/internal/httpapi/videos.go:701.19,703.3 1 1
athena/internal/httpapi/videos.go:703.8,704.41 1 2
athena/internal/httpapi/videos.go:704.41,707.4 2 1
athena/internal/httpapi/videos.go:708.3,708.55 1 1
athena/internal/httpapi/videos.go:708.55,710.4 1 1
athena/internal/httpapi/videos.go:712.2,712.16 1 2
athena/internal/httpapi/videos.go:712.16,713.49 1 2
athena/internal/httpapi/videos.go:713.49,716.4 2 0
athena/internal/httpapi/videos.go:720.2,720.19 1 2
athena/internal/httpapi/videos.go:720.19,722.3 1 1
athena/internal/httpapi/videos.go:723.2,735.37 2 2
athena/internal/httpapi/videos.go:739.68,745.2 2 1
athena/internal/httpapi/videos.go:750.77,751.54 1 0
athena/internal/httpapi/videos.go:751.54,753.20 2 0
athena/internal/httpapi/videos.go:753.20,756.4 2 0
athena/internal/httpapi/videos.go:758.3,764.23 4 0
athena/internal/httpapi/videos.go:764.23,765.81 1 0
athena/internal/httpapi/videos.go:765.81,767.22 1 0
athena/internal/httpapi/videos.go:767.22,768.47 1 0
athena/internal/httpapi/videos.go:768.47,769.25 1 0
athena/internal/httpapi/videos.go:769.25,772.8 2 0
athena/internal/httpapi/videos.go:773.7,773.50 1 0
athena/internal/httpapi/videos.go:773.50,775.40 1 0
athena/internal/httpapi/videos.go:775.40,778.9 2 0
athena/internal/httpapi/videos.go:779.8,780.14 2 0
athena/internal/httpapi/videos.go:783.11,784.44 1 0
athena/internal/httpapi/videos.go:784.44,787.7 2 0
athena/internal/httpapi/videos.go:788.6,788.46 1 0
athena/internal/httpapi/videos.go:788.46,789.25 1 0
athena/internal/httpapi/videos.go:789.25,792.8 2 0
athena/internal/httpapi/videos.go:793.7,793.50 1 0
athena/internal/httpapi/videos.go:793.50,795.40 1 0
athena/internal/httpapi/videos.go:795.40,798.9 2 0
athena/internal/httpapi/videos.go:799.8,800.14 2 0
athena/internal/httpapi/videos.go:808.3,810.20 3 0
athena/internal/httpapi/videos.go:810.20,812.4 1 0
athena/internal/httpapi/videos.go:812.9,813.42 1 0
athena/internal/httpapi/videos.go:813.42,816.5 2 0
athena/internal/httpapi/videos.go:817.4,817.56 1 0
athena/internal/httpapi/videos.go:817.56,819.5 1 0
athena/internal/httpapi/videos.go:821.3,821.17 1 0
athena/internal/httpapi/videos.go:821.17,822.43 1 0
athena/internal/httpapi/videos.go:822.43,823.40 1 0
athena/internal/httpapi/videos.go:823.40,826.6 2 0
athena/internal/httpapi/videos.go:827.5,827.51 1 0
athena/internal/httpapi/videos.go:827.51,830.6 2 0
athena/internal/httpapi/videos.go:835.3,835.20 1 0
athena/internal/httpapi/videos.go:835.20,837.4 1 0
athena/internal/httpapi/videos.go:837.9,839.42 1 0
athena/internal/httpapi/videos.go:839.42,842.5 2 0
athena/internal/httpapi/videos.go:844.3,856.38 2 0
athena/internal/httpapi/videos.go:860.33,862.2 1 0
athena/internal/httpapi/videos.go:864.50,868.62 4 0
athena/internal/httpapi/videos.go:868.62,870.3 1 0
athena/internal/httpapi/videos.go:871.2,871.18 1 0
athena/internal/httpapi/videos.go:876.69,877.54 1 0
athena/internal/httpapi/videos.go:877.54,880.45 2 0
athena/internal/httpapi/videos.go:880.45,883.4 2 0
athena/internal/httpapi/videos.go:884.3,886.39 3 0
athena/internal/httpapi/videos.go:886.39,889.4 2 0
athena/internal/httpapi/videos.go:890.3,892.80 2 0
athena/internal/httpapi/videos.go:892.80,893.42 1 0
athena/internal/httpapi/videos.go:893.42,895.43 2 0
athena/internal/httpapi/videos.go:895.43,898.6 2 0
athena/internal/httpapi/videos.go:901.3,902.40 2 0
athena/internal/httpapi/videos.go:902.40,905.4 2 0
athena/internal/httpapi/videos.go:905.9,905.45 1 0
athena/internal/httpapi/videos.go:905.45,908.4 2 0
athena/internal/httpapi/videos.go:908.9,910.4 1 0
athena/internal/httpapi/videos.go:911.3,911.30 1 0
